#
# There is insufficient memory for the Java Runtime Environment to continue.
# Native memory allocation (mmap) failed to map 132120576 bytes for Failed to commit area from 0x0000000082e00000 to 0x000000008ac00000 of length 132120576.
# Possible reasons:
#   The system is out of physical RAM or swap space
#   The process is running with CompressedOops enabled, and the Java Heap may be blocking the growth of the native heap
# Possible solutions:
#   Reduce memory load on the system
#   Increase physical memory or swap space
#   Check if swap backing store is full
#   Decrease Java heap size (-Xmx/-Xms)
#   Decrease number of Java threads
#   Decrease Java thread stack sizes (-Xss)
#   Set larger code cache with -XX:ReservedCodeCacheSize=
# This output file may be truncated or incomplete.
#
#  Out of Memory Error (./src/hotspot/os/windows/os_windows.cpp:3303), pid=26400, tid=9440
#
# JRE version:  (11.0.8+10) (build )
# Java VM: OpenJDK 64-Bit Server VM (11.0.8+10-b944.6842174, mixed mode, sharing, tiered, compressed oops, g1 gc, windows-amd64)
# No core dump will be written. Minidumps are not enabled by default on client versions of Windows
#

---------------  S U M M A R Y ------------

Command Line: org.jetbrains.kotlin.cli.jvm.K2JVMCompiler @D:\Dispositivos moviles\Primer Parcial\PDM_2021_II_INVESTIGACION1\app\build\20210626_11794128138453079045.compiler.options

Host: Intel(R) Core(TM) i7-9750H CPU @ 2.60GHz, 12 cores, 7G,  Windows 10 , 64 bit Build 19041 (10.0.19041.1023)
Time: Sat Jun 26 18:52:44 2021 Hora estándar, América Central elapsed time: 0 seconds (0d 0h 0m 0s)

---------------  T H R E A D  ---------------

Current thread (0x0000018d4d2b7800):  JavaThread "Unknown thread" [_thread_in_vm, id=9440, stack(0x0000000575f00000,0x0000000576000000)]

Stack: [0x0000000575f00000,0x0000000576000000]
Native frames: (J=compiled Java code, j=interpreted, Vv=VM code, C=native code)
V  [jvm.dll+0x5de50a]
V  [jvm.dll+0x7122f5]
V  [jvm.dll+0x71384d]
V  [jvm.dll+0x713f03]
V  [jvm.dll+0x23e728]
V  [jvm.dll+0x5db9a4]
V  [jvm.dll+0x5d0ae5]
V  [jvm.dll+0x2fb20b]
V  [jvm.dll+0x2fb17a]
V  [jvm.dll+0x2fb052]
V  [jvm.dll+0x2fff16]
V  [jvm.dll+0x348743]
V  [jvm.dll+0x348e46]
V  [jvm.dll+0x348843]
V  [jvm.dll+0x2d5d68]
V  [jvm.dll+0x2d6f07]
V  [jvm.dll+0x6f11f7]
V  [jvm.dll+0x6f29ec]
V  [jvm.dll+0x355cb9]
V  [jvm.dll+0x6d4ade]
V  [jvm.dll+0x3bdfe3]
V  [jvm.dll+0x3c0201]
C  [jli.dll+0x5373]
C  [ucrtbase.dll+0x21bb2]
C  [KERNEL32.DLL+0x17034]
C  [ntdll.dll+0x52651]


---------------  P R O C E S S  ---------------

Threads class SMR info:
_java_thread_list=0x0000018d4d0534f0, length=0, elements={
}

Java Threads: ( => current thread )

Other Threads:
  0x0000018d4d2cf000 GCTaskThread "GC Thread#0" [stack: 0x0000000576000000,0x0000000576100000] [id=5792]
  0x0000018d4d302000 ConcurrentGCThread "G1 Main Marker" [stack: 0x0000000576100000,0x0000000576200000] [id=15208]
  0x0000018d4d303000 ConcurrentGCThread "G1 Conc#0" [stack: 0x0000000576200000,0x0000000576300000] [id=16108]

[error occurred during error reporting (printing all threads), id 0xc0000005, EXCEPTION_ACCESS_VIOLATION (0xc0000005) at pc=0x00007ffb53426357]

VM state:not at safepoint (not fully initialized)

VM Mutex/Monitor currently owned by a thread:  ([mutex/lock_event])
[0x0000018d4d2b57b0] Heap_lock - owner thread: 0x0000018d4d2b7800

Heap address: 0x0000000082e00000, size: 2002 MB, Compressed Oops mode: Non-zero based: 0x0000000082e00000
Narrow klass base: 0x0000000000000000, Narrow klass shift: 0

GC Heap History (0 events):
No events

Deoptimization events (0 events):
No events

Classes redefined (0 events):
No events

Internal exceptions (0 events):
No events

Events (1 events):
Event: 0.008 Loaded shared library D:\AndroidStudio\jre\bin\zip.dll


Dynamic libraries:
0x00007ff799bb0000 - 0x00007ff799bba000 	D:\AndroidStudio\jre\bin\java.exe
0x00007ffbf1730000 - 0x00007ffbf1925000 	C:\WINDOWS\SYSTEM32\ntdll.dll
0x00007ffbf13d0000 - 0x00007ffbf148d000 	C:\WINDOWS\System32\KERNEL32.DLL
0x00007ffbeefe0000 - 0x00007ffbef2a8000 	C:\WINDOWS\System32\KERNELBASE.dll
0x00007ffbef460000 - 0x00007ffbef560000 	C:\WINDOWS\System32\ucrtbase.dll
0x00007ffbab670000 - 0x00007ffbab689000 	D:\AndroidStudio\jre\bin\jli.dll
0x00007ffbaf460000 - 0x00007ffbaf477000 	D:\AndroidStudio\jre\bin\VCRUNTIME140.dll
0x00007ffbf0a80000 - 0x00007ffbf0c20000 	C:\WINDOWS\System32\USER32.dll
0x00007ffbcc8f0000 - 0x00007ffbccb8a000 	C:\WINDOWS\WinSxS\amd64_microsoft.windows.common-controls_6595b64144ccf1df_6.0.19041.1052_none_60b8f8fd71f5e8cb\COMCTL32.dll
0x00007ffbef770000 - 0x00007ffbef792000 	C:\WINDOWS\System32\win32u.dll
0x00007ffbf0ec0000 - 0x00007ffbf0f5e000 	C:\WINDOWS\System32\msvcrt.dll
0x00007ffbefb80000 - 0x00007ffbefbaa000 	C:\WINDOWS\System32\GDI32.dll
0x00007ffbef350000 - 0x00007ffbef45b000 	C:\WINDOWS\System32\gdi32full.dll
0x00007ffbef2b0000 - 0x00007ffbef34d000 	C:\WINDOWS\System32\msvcp_win.dll
0x00007ffbf0e30000 - 0x00007ffbf0e60000 	C:\WINDOWS\System32\IMM32.DLL
0x00007ffb99070000 - 0x00007ffb9910d000 	D:\AndroidStudio\jre\bin\msvcp140.dll
0x00007ffb53140000 - 0x00007ffb53bfc000 	D:\AndroidStudio\jre\bin\server\jvm.dll
0x00007ffbf15d0000 - 0x00007ffbf167c000 	C:\WINDOWS\System32\ADVAPI32.dll
0x00007ffbefd50000 - 0x00007ffbefdeb000 	C:\WINDOWS\System32\sechost.dll
0x00007ffbf14a0000 - 0x00007ffbf15cb000 	C:\WINDOWS\System32\RPCRT4.dll
0x00007ffbefdf0000 - 0x00007ffbefdf8000 	C:\WINDOWS\System32\PSAPI.DLL
0x00007ffbcb840000 - 0x00007ffbcb849000 	C:\WINDOWS\SYSTEM32\WSOCK32.dll
0x00007ffbdbe00000 - 0x00007ffbdbe27000 	C:\WINDOWS\SYSTEM32\WINMM.dll
0x00007ffbe5810000 - 0x00007ffbe581a000 	C:\WINDOWS\SYSTEM32\VERSION.dll
0x00007ffbf1680000 - 0x00007ffbf16eb000 	C:\WINDOWS\System32\WS2_32.dll
0x00007ffbecdf0000 - 0x00007ffbece02000 	C:\WINDOWS\SYSTEM32\kernel.appcore.dll
0x00007ffbe5a90000 - 0x00007ffbe5aa1000 	D:\AndroidStudio\jre\bin\verify.dll
0x00007ffbec670000 - 0x00007ffbec854000 	C:\WINDOWS\SYSTEM32\DBGHELP.DLL
0x00007ffbe1350000 - 0x00007ffbe137c000 	C:\WINDOWS\SYSTEM32\dbgcore.DLL
0x00007ffbeef00000 - 0x00007ffbeef83000 	C:\WINDOWS\System32\bcryptPrimitives.dll
0x00007ffbe39c0000 - 0x00007ffbe39e9000 	D:\AndroidStudio\jre\bin\java.dll
0x00007ffbe5e50000 - 0x00007ffbe5e5b000 	D:\AndroidStudio\jre\bin\jimage.dll
0x00007ffbe3980000 - 0x00007ffbe3998000 	D:\AndroidStudio\jre\bin\zip.dll

dbghelp: loaded successfully - version: 4.0.5 - missing functions: none
symbol engine: initialized successfully - sym options: 0x614 - pdb path: .;D:\AndroidStudio\jre\bin;C:\WINDOWS\SYSTEM32;C:\WINDOWS\WinSxS\amd64_microsoft.windows.common-controls_6595b64144ccf1df_6.0.19041.1052_none_60b8f8fd71f5e8cb;D:\AndroidStudio\jre\bin\server

VM Arguments:
java_command: org.jetbrains.kotlin.cli.jvm.K2JVMCompiler @D:\Dispositivos moviles\Primer Parcial\PDM_2021_II_INVESTIGACION1\app\build\20210626_11794128138453079045.compiler.options
java_class_path (initial): C:\Users\josem\.gradle\caches\modules-2\files-2.1\org.jetbrains.kotlin\kotlin-compiler-embeddable\1.5.10\9c35134a025cab7a1e6eee0d87d241c2f30c1218\kotlin-compiler-embeddable-1.5.10.jar;C:\Users\josem\.gradle\caches\modules-2\files-2.1\org.jetbrains.kotlin\kotlin-reflect\1.5.10\d6c70f3c0df2457ea0095c61c1fc1188017dc3bc\kotlin-reflect-1.5.10.jar;C:\Users\josem\.gradle\caches\modules-2\files-2.1\org.jetbrains.kotlin\kotlin-stdlib\1.5.10\da6a904b132f0402fa4d79169a3c1770598d4702\kotlin-stdlib-1.5.10.jar;C:\Users\josem\.gradle\caches\modules-2\files-2.1\org.jetbrains.kotlin\kotlin-script-runtime\1.5.10\69bad0ece91b0797055aeadbd44dc742c458398b\kotlin-script-runtime-1.5.10.jar;C:\Users\josem\.gradle\caches\modules-2\files-2.1\org.jetbrains.kotlin\kotlin-daemon-embeddable\1.5.10\d06ad33b62b041dae0609f830c3b48135d53b8bc\kotlin-daemon-embeddable-1.5.10.jar;C:\Users\josem\.gradle\caches\modules-2\files-2.1\org.jetbrains.intellij.deps\trove4j\1.0.20181211\216c2e14b070f334479d800987affe4054cd563f\trove4j-1.0.20181211.jar;C:\Users\josem\.gradle\caches\modules-2\files-2.1\org.jetbrains\annotations\13.0\919f0dfe192fb4e063e7dacadee7f8bb9a2672a9\annotations-13.0.jar;C:\Users\josem\.gradle\caches\modules-2\files-2.1\org.jetbrains.kotlin\kotlin-stdlib-common\1.5.10\6b84d926e28493be69daf673e40076f89492ef7\kotlin-stdlib-common-1.5.10.jar
Launcher Type: SUN_STANDARD

[Global flags]
     intx CICompilerCount                          = 4                                         {product} {ergonomic}
     uint ConcGCThreads                            = 3                                         {product} {ergonomic}
     uint G1ConcRefinementThreads                  = 10                                        {product} {ergonomic}
   size_t G1HeapRegionSize                         = 1048576                                   {product} {ergonomic}
    uintx GCDrainStackTargetSize                   = 64                                        {product} {ergonomic}
   size_t InitialHeapSize                          = 132120576                                 {product} {ergonomic}
   size_t MarkStackSize                            = 4194304                                   {product} {ergonomic}
   size_t MaxHeapSize                              = 2099249152                                {product} {ergonomic}
   size_t MinHeapDeltaBytes                        = 1048576                                   {product} {ergonomic}
    uintx NonNMethodCodeHeapSize                   = 5836300                                {pd product} {ergonomic}
    uintx NonProfiledCodeHeapSize                  = 122910970                              {pd product} {ergonomic}
    uintx ProfiledCodeHeapSize                     = 122910970                              {pd product} {ergonomic}
    uintx ReservedCodeCacheSize                    = 251658240                              {pd product} {ergonomic}
     bool SegmentedCodeCache                       = true                                      {product} {ergonomic}
     bool UseCompressedClassPointers               = true                                 {lp64_product} {ergonomic}
     bool UseCompressedOops                        = true                                 {lp64_product} {ergonomic}
     bool UseG1GC                                  = true                                      {product} {ergonomic}
     bool UseLargePagesIndividualAllocation        = false                                  {pd product} {ergonomic}

Logging:
Log output configuration:
 #0: stdout all=warning uptime,level,tags
 #1: stderr all=off uptime,level,tags

Environment Variables:
PATH=C:\Program Files (x86)\Common Files\Oracle\Java\javapath;C:\Windows\system32;C:\Windows;C:\Windows\System32\Wbem;C:\Windows\System32\WindowsPowerShell\v1.0\;C:\Windows\System32\OpenSSH\;C:\Program Files\Intel\WiFi\bin\;C:\Program Files\Common Files\Intel\WirelessCommon\;C:\Program Files (x86)\NVIDIA Corporation\PhysX\Common;C:\Program Files\NVIDIA Corporation\NVIDIA NvDLISR;C:\WINDOWS\system32;C:\WINDOWS;C:\WINDOWS\System32\Wbem;C:\WINDOWS\System32\WindowsPowerShell\v1.0\;C:\WINDOWS\System32\OpenSSH\;D:\Git\Git\cmd;C:\Program Files\Azure Data Studio\bin;C:\Program Files\Microsoft SQL Server\Client SDK\ODBC\170\Tools\Binn\;C:\Program Files (x86)\Microsoft SQL Server\150\Tools\Binn\;C:\Program Files\Microsoft SQL Server\150\Tools\Binn\;C:\Program Files\Microsoft SQL Server\150\DTS\Binn\;C:\Program Files (x86)\Microsoft SQL Server\150\DTS\Binn\;C:\Program Files\Apache Software Foundation\Tomcat 9.0\bin;C:\Program Files\MySQL\MySQL Server 8.0\bin;C:\Program Files\MariaDB 10.6\bin;C:\Users\josem\AppData\Local\Programs\Python\Python39\Scripts\;C:\Users\josem\AppData\Local\Programs\Python\Python39\;C:\Users\josem\AppData\Local\Microsoft\WindowsApps;C:\Program Files\mingw-w64\x86_64-8.1.0-posix-seh-rt_v6-rev0\mingw64\bin;D:\Intellij\IntelliJ IDEA Community Edition 2020.3.3\bin;;C:\Program Files\Azure Data Studio\bin
USERNAME=josem
OS=Windows_NT
PROCESSOR_IDENTIFIER=Intel64 Family 6 Model 158 Stepping 10, GenuineIntel



---------------  S Y S T E M  ---------------

OS: Windows 10 , 64 bit Build 19041 (10.0.19041.1023)
OS uptime: 2 days 2:49 hours

CPU:total 12 (initial active 12) (6 cores per cpu, 2 threads per core) family 6 model 158 stepping 10, cmov, cx8, fxsr, mmx, sse, sse2, sse3, ssse3, sse4.1, sse4.2, popcnt, avx, avx2, aes, clmul, erms, 3dnowpref, lzcnt, ht, tsc, tscinvbit, bmi1, bmi2, adx, fma

Memory: 4k page, system-wide physical 8002M (466M free)
TotalPageFile size 20863M (AvailPageFile size 107M)
current process WorkingSet (physical memory assigned to process): 9M, peak: 9M
current process commit charge ("private bytes"): 64M, peak: 189M

vm_info: OpenJDK 64-Bit Server VM (11.0.8+10-b944.6842174) for windows-amd64 JRE (11.0.8+10-b944.6842174), built on Sep 19 2020 01:11:42 by "builder" with MS VC++ 14.0 (VS2015)

END.
